<?xml version="1.0" encoding="UTF-8"?>
<testsuite name="StudentTestCases" tests="0" skipped="0" failures="0" errors="0" timestamp="1970-01-01T00:00:00" hostname="macs-MacBook-Pro.local" time="0.0">
  <properties/>
  <system-out><![CDATA[SQL Server did not return a response. The connection has been closed. ClientConnectionId:05ff90fb-32ae-4b2a-b13f-2cae537e8cc1
]]></system-out>
  <system-err><![CDATA[]]></system-err>
</testsuite>
