<?xml version="1.0" encoding="UTF-8"?>
<testsuite name="StudentTestCases" tests="0" skipped="0" failures="0" errors="0" timestamp="1970-01-01T00:00:00" hostname="macs-MacBook-Pro.local" time="0.0">
  <properties/>
  <system-out><![CDATA[SQL Server did not return a response. The connection has been closed. ClientConnectionId:24238f24-a554-492b-9d07-7f7701b75e21
]]></system-out>
  <system-err><![CDATA[]]></system-err>
</testsuite>
